{"level":"warning","message":"Cuidado, Tenemos un problemita..."}
{"level":"error","message":"Un error se ha detectado..."}
{"level":"error","message":"GET en /css/.css - function toLocaleTimeString() { [native code] }"}
{"level":"error","message":"GET en /css/.css - function toLocaleTimeString() { [native code] }"}
{"level":"error","message":"GET en /css/.css - function toLocaleTimeString() { [native code] }"}
{"level":"error","message":"GET en /css/.css - function toLocaleTimeString() { [native code] }"}
{"level":"error","message":"GET en /css/.css - function toLocaleTimeString() { [native code] }"}
{"level":"error","message":"GET en /css/.css - function toLocaleTimeString() { [native code] }"}
{"level":"error","message":"GET en /css/.css - function toLocaleTimeString() { [native code] }"}
{"level":"warning","message":"Cuidado, Tenemos un problemita..."}
{"level":"error","message":"Un error se ha detectado..."}
{"level":"error","message":"GET en /css/.css - function toLocaleTimeString() { [native code] }"}
{"level":"error","message":"GET en /css/.css - function toLocaleTimeString() { [native code] }"}
{"level":"error","message":"GET en /css/.css - function toLocaleTimeString() { [native code] }"}
{"level":"error","message":"GET en /css/.css - function toLocaleTimeString() { [native code] }"}
{"level":"warning","message":"Cuidado, Tenemos un problemita..."}
{"level":"error","message":"Un error se ha detectado..."}
{"level":"error","message":"GET en /css/.css - function toLocaleTimeString() { [native code] }"}
{"level":"warning","message":"Cuidado, Tenemos un problemita..."}
{"level":"error","message":"Un error se ha detectado..."}
{"level":"error","message":"GET en /css/.css - function toLocaleTimeString() { [native code] }"}
{"level":"error","message":"GET en /css/.css - function toLocaleTimeString() { [native code] }"}
{"level":"error","message":"GET en /css/.css - function toLocaleTimeString() { [native code] }"}
{"level":"error","message":"GET en /css/.css - function toLocaleTimeString() { [native code] }"}
{"level":"warning","message":"Cuidado, Tenemos un problemita..."}
{"level":"error","message":"Un error se ha detectado..."}
{"level":"error","message":"GET en /css/.css - function toLocaleTimeString() { [native code] }"}
{"level":"error","message":"GET en /css/.css - function toLocaleTimeString() { [native code] }"}
{"level":"error","message":"GET en /css/.css - function toLocaleTimeString() { [native code] }"}
{"level":"error","message":"GET en /css/.css - function toLocaleTimeString() { [native code] }"}
{"level":"warning","message":"Cuidado, Tenemos un problemita..."}
{"level":"error","message":"Un error se ha detectado..."}
{"level":"error","message":"GET en /css/.css - function toLocaleTimeString() { [native code] }"}
{"level":"error","message":"GET en /css/.css - function toLocaleTimeString() { [native code] }"}
{"level":"error","message":"GET en /css/.css - function toLocaleTimeString() { [native code] }"}
{"level":"error","message":"GET en /css/.css - function toLocaleTimeString() { [native code] }"}
{"level":"warning","message":"Cuidado, Tenemos un problemita..."}
{"level":"error","message":"Un error se ha detectado..."}
{"level":"error","message":"GET en /css/.css - function toLocaleTimeString() { [native code] }"}
{"level":"warning","message":"Cuidado, Tenemos un problemita..."}
{"level":"error","message":"Un error se ha detectado..."}
{"level":"error","message":"GET en /favicon.ico - function toLocaleTimeString() { [native code] }"}
{"level":"warning","message":"Cuidado, Tenemos un problemita..."}
{"level":"error","message":"Un error se ha detectado..."}
{"level":"warning","message":"Cuidado, Tenemos un problemita..."}
{"level":"error","message":"Un error se ha detectado..."}
{"level":"warning","message":"Cuidado, Tenemos un problemita..."}
{"level":"error","message":"Un error se ha detectado..."}
{"level":"error","message":"GET en /css/.css - function toLocaleTimeString() { [native code] }"}
{"level":"error","message":"GET en /css/.css - function toLocaleTimeString() { [native code] }"}
{"level":"warning","message":"Cuidado, Tenemos un problemita..."}
{"level":"error","message":"Un error se ha detectado..."}
{"level":"error","message":"GET en /css/.css - function toLocaleTimeString() { [native code] }"}
{"level":"error","message":"GET en /css/.css - function toLocaleTimeString() { [native code] }"}
{"level":"error","message":"GET en /css/.css - function toLocaleTimeString() { [native code] }"}
{"level":"error","message":"GET en /css/.css - function toLocaleTimeString() { [native code] }"}
{"level":"warning","message":"Cuidado, Tenemos un problemita..."}
{"level":"error","message":"Un error se ha detectado..."}
{"level":"error","message":"GET en /css/.css - function toLocaleTimeString() { [native code] }"}
{"level":"error","message":"GET en /css/.css - function toLocaleTimeString() { [native code] }"}
{"level":"error","message":"GET en /css/.css - function toLocaleTimeString() { [native code] }"}
{"level":"error","message":"GET en /css/.css - function toLocaleTimeString() { [native code] }"}
{"level":"warning","message":"Cuidado, Tenemos un problemita..."}
{"level":"error","message":"Un error se ha detectado..."}
{"level":"warning","message":"Cuidado, Tenemos un problemita..."}
{"level":"error","message":"Un error se ha detectado..."}
{"level":"warning","message":"Cuidado, Tenemos un problemita..."}
{"level":"error","message":"Un error se ha detectado..."}
{"level":"error","message":"GET en /css/.css - function toLocaleTimeString() { [native code] }"}
{"level":"error","message":"GET en /css/.css - function toLocaleTimeString() { [native code] }"}
{"level":"warning","message":"Cuidado, Tenemos un problemita..."}
{"level":"error","message":"Un error se ha detectado..."}
{"level":"warning","message":"Cuidado, Tenemos un problemita..."}
{"level":"error","message":"Un error se ha detectado..."}
{"level":"warning","message":"Cuidado, Tenemos un problemita..."}
{"level":"error","message":"Un error se ha detectado..."}
{"level":"error","message":"GET en /css/.css - function toLocaleTimeString() { [native code] }"}
{"level":"error","message":"GET en /img/1682852435968-pava.jpg - function toLocaleTimeString() { [native code] }"}
{"level":"error","message":"GET en /img/1682852435968-pava.jpg - function toLocaleTimeString() { [native code] }"}
{"level":"error","message":"GET en /css/.css - function toLocaleTimeString() { [native code] }"}
{"level":"error","message":"GET en /css/.css - function toLocaleTimeString() { [native code] }"}
{"level":"error","message":"GET en /css/.css - function toLocaleTimeString() { [native code] }"}
{"level":"error","message":"GET en /css/.css - function toLocaleTimeString() { [native code] }"}
{"level":"error","message":"GET en /img/1682852435968-pava.jpg - function toLocaleTimeString() { [native code] }"}
{"level":"error","message":"GET en /css/.css - function toLocaleTimeString() { [native code] }"}
{"level":"error","message":"GET en /css/.css - function toLocaleTimeString() { [native code] }"}
{"level":"error","message":"GET en /img/1682852435968-pava.jpg - function toLocaleTimeString() { [native code] }"}
{"level":"error","message":"GET en /css/.css - function toLocaleTimeString() { [native code] }"}
{"level":"error","message":"GET en /img/1682852435968-pava.jpg - function toLocaleTimeString() { [native code] }"}
{"level":"warning","message":"Cuidado, Tenemos un problemita..."}
{"level":"error","message":"Un error se ha detectado..."}
{"level":"error","message":"GET en /css/.css - function toLocaleTimeString() { [native code] }"}
{"level":"error","message":"GET en /img/1682852435968-pava.jpg - function toLocaleTimeString() { [native code] }"}
{"level":"error","message":"GET en /login - function toLocaleTimeString() { [native code] }"}
{"level":"error","message":"GET en /login - function toLocaleTimeString() { [native code] }"}
{"level":"error","message":"GET en /img/1682852435968-pava.jpg - function toLocaleTimeString() { [native code] }"}
{"level":"error","message":"GET en /css/.css - function toLocaleTimeString() { [native code] }"}
{"level":"error","message":"GET en /css/.css - function toLocaleTimeString() { [native code] }"}
{"level":"error","message":"GET en /img/1682852435968-pava.jpg - function toLocaleTimeString() { [native code] }"}
{"level":"error","message":"GET en /css/.css - function toLocaleTimeString() { [native code] }"}
{"level":"error","message":"GET en /css/.css - function toLocaleTimeString() { [native code] }"}
{"level":"error","message":"GET en /img/1682852435968-pava.jpg - function toLocaleTimeString() { [native code] }"}
{"level":"warning","message":"Cuidado, Tenemos un problemita..."}
{"level":"error","message":"Un error se ha detectado..."}
{"level":"error","message":"GET en /login - function toLocaleTimeString() { [native code] }"}
{"level":"warning","message":"Cuidado, Tenemos un problemita..."}
{"level":"error","message":"Un error se ha detectado..."}
{"level":"error","message":"GET en /css/.css - function toLocaleTimeString() { [native code] }"}
{"level":"error","message":"GET en /img/1682852435968-pava.jpg - function toLocaleTimeString() { [native code] }"}
{"level":"error","message":"GET en /css/.css - function toLocaleTimeString() { [native code] }"}
{"level":"warning","message":"Cuidado, Tenemos un problemita..."}
{"level":"error","message":"Un error se ha detectado..."}
{"level":"error","message":"GET en /img/1682852435968-pava.jpg - function toLocaleTimeString() { [native code] }"}
{"level":"error","message":"GET en /css/.css - function toLocaleTimeString() { [native code] }"}
{"level":"warning","message":"Cuidado, Tenemos un problemita..."}
{"level":"error","message":"Un error se ha detectado..."}
{"level":"error","message":"GET en /css/.css - function toLocaleTimeString() { [native code] }"}
{"level":"error","message":"GET en /img/1682852435968-pava.jpg - function toLocaleTimeString() { [native code] }"}
{"level":"error","message":"GET en /css/.css - function toLocaleTimeString() { [native code] }"}
{"level":"error","message":"GET en /img/1682852435968-pava.jpg - function toLocaleTimeString() { [native code] }"}
{"level":"error","message":"GET en /css/.css - function toLocaleTimeString() { [native code] }"}
{"level":"error","message":"GET en /img/1682852435968-pava.jpg - function toLocaleTimeString() { [native code] }"}
{"level":"error","message":"GET en /css/.css - function toLocaleTimeString() { [native code] }"}
{"level":"warning","message":"Cuidado, Tenemos un problemita..."}
{"level":"error","message":"Un error se ha detectado..."}
{"level":"error","message":"GET en /css/.css - function toLocaleTimeString() { [native code] }"}
{"level":"error","message":"GET en /img/1682852435968-pava.jpg - function toLocaleTimeString() { [native code] }"}
{"level":"error","message":"GET en /css/.css - function toLocaleTimeString() { [native code] }"}
{"level":"warning","message":"Cuidado, Tenemos un problemita..."}
{"level":"error","message":"Un error se ha detectado..."}
{"level":"error","message":"GET en /css/.css - function toLocaleTimeString() { [native code] }"}
{"level":"error","message":"GET en /img/1682852435968-pava.jpg - function toLocaleTimeString() { [native code] }"}
{"level":"warning","message":"Cuidado, Tenemos un problemita..."}
{"level":"error","message":"Un error se ha detectado..."}
{"level":"error","message":"GET en /css/.css - function toLocaleTimeString() { [native code] }"}
{"level":"warning","message":"Cuidado, Tenemos un problemita..."}
{"level":"error","message":"Un error se ha detectado..."}
{"level":"warning","message":"Cuidado, Tenemos un problemita..."}
{"level":"error","message":"Un error se ha detectado..."}
{"level":"error","message":"GET en /css/.css - function toLocaleTimeString() { [native code] }"}
{"level":"error","message":"GET en /img/1682852435968-pava.jpg - function toLocaleTimeString() { [native code] }"}
{"level":"warning","message":"Cuidado, Tenemos un problemita..."}
{"level":"error","message":"Un error se ha detectado..."}
{"level":"error","message":"GET en /favicon.ico - function toLocaleTimeString() { [native code] }"}
{"level":"warning","message":"Cuidado, Tenemos un problemita..."}
{"level":"error","message":"Un error se ha detectado..."}
{"level":"warning","message":"Cuidado, Tenemos un problemita..."}
{"level":"error","message":"Un error se ha detectado..."}
{"level":"warning","message":"Cuidado, Tenemos un problemita..."}
{"level":"error","message":"Un error se ha detectado..."}
{"level":"warning","message":"Cuidado, Tenemos un problemita..."}
{"level":"error","message":"Un error se ha detectado..."}
{"level":"warning","message":"Cuidado, Tenemos un problemita..."}
{"level":"error","message":"Un error se ha detectado..."}
{"level":"error","message":"GET en /css/.css - function toLocaleTimeString() { [native code] }"}
{"level":"error","message":"GET en /css/.css - function toLocaleTimeString() { [native code] }"}
{"level":"error","message":"GET en /css/.css - function toLocaleTimeString() { [native code] }"}
{"level":"error","message":"GET en /css/.css - function toLocaleTimeString() { [native code] }"}
{"level":"error","message":"GET en /css/.css - function toLocaleTimeString() { [native code] }"}
{"level":"error","message":"GET en /css/.css - function toLocaleTimeString() { [native code] }"}
{"level":"error","message":"GET en /css/.css - function toLocaleTimeString() { [native code] }"}
{"level":"error","message":"GET en /css/.css - function toLocaleTimeString() { [native code] }"}
{"level":"error","message":"GET en /css/.css - function toLocaleTimeString() { [native code] }"}
{"level":"warning","message":"Cuidado, Tenemos un problemita..."}
{"level":"error","message":"Un error se ha detectado..."}
{"level":"error","message":"GET en /css/.css - function toLocaleTimeString() { [native code] }"}
{"level":"error","message":"GET en /css/.css - function toLocaleTimeString() { [native code] }"}
{"level":"error","message":"GET en /css/.css - function toLocaleTimeString() { [native code] }"}
{"level":"error","message":"GET en /css/.css - function toLocaleTimeString() { [native code] }"}
{"level":"warning","message":"Cuidado, Tenemos un problemita..."}
{"level":"error","message":"Un error se ha detectado..."}
{"level":"warning","message":"Cuidado, Tenemos un problemita..."}
{"level":"error","message":"Un error se ha detectado..."}
{"level":"error","message":"GET en /css/.css - function toLocaleTimeString() { [native code] }"}
{"level":"warning","message":"Cuidado, Tenemos un problemita..."}
{"level":"error","message":"Un error se ha detectado..."}
{"level":"error","message":"GET en /css/.css - function toLocaleTimeString() { [native code] }"}
{"level":"error","message":"GET en /css/.css - function toLocaleTimeString() { [native code] }"}
{"level":"error","message":"GET en /css/.css - function toLocaleTimeString() { [native code] }"}
{"level":"error","message":"GET en /css/.css - function toLocaleTimeString() { [native code] }"}
{"level":"error","message":"GET en /css/.css - function toLocaleTimeString() { [native code] }"}
{"level":"error","message":"GET en /css/.css - function toLocaleTimeString() { [native code] }"}
{"level":"warning","message":"Cuidado, Tenemos un problemita..."}
{"level":"error","message":"Un error se ha detectado..."}
{"level":"error","message":"GET en /css/.css - function toLocaleTimeString() { [native code] }"}
{"level":"error","message":"GET en /css/.css - function toLocaleTimeString() { [native code] }"}
{"level":"warning","message":"Cuidado, Tenemos un problemita..."}
{"level":"error","message":"Un error se ha detectado..."}
{"level":"error","message":"GET en /css/.css - function toLocaleTimeString() { [native code] }"}
{"level":"error","message":"GET en /css/.css - function toLocaleTimeString() { [native code] }"}
{"level":"error","message":"GET en /css/.css - function toLocaleTimeString() { [native code] }"}
{"level":"error","message":"GET en /css/.css - function toLocaleTimeString() { [native code] }"}
{"level":"error","message":"GET en /css/.css - function toLocaleTimeString() { [native code] }"}
{"level":"error","message":"GET en /css/.css - function toLocaleTimeString() { [native code] }"}
{"level":"error","message":"GET en /css/.css - function toLocaleTimeString() { [native code] }"}
{"level":"error","message":"GET en /css/.css - function toLocaleTimeString() { [native code] }"}
{"level":"error","message":"GET en /css/.css - function toLocaleTimeString() { [native code] }"}
{"level":"error","message":"GET en /css/.css - function toLocaleTimeString() { [native code] }"}
{"level":"error","message":"GET en /css/.css - function toLocaleTimeString() { [native code] }"}
{"level":"error","message":"GET en /css/.css - function toLocaleTimeString() { [native code] }"}
{"level":"error","message":"GET en /css/.css - function toLocaleTimeString() { [native code] }"}
{"level":"error","message":"GET en /css/.css - function toLocaleTimeString() { [native code] }"}
{"level":"error","message":"GET en /css/.css - function toLocaleTimeString() { [native code] }"}
{"level":"error","message":"GET en /css/.css - function toLocaleTimeString() { [native code] }"}
{"level":"error","message":"GET en /css/.css - function toLocaleTimeString() { [native code] }"}
{"level":"error","message":"GET en /css/.css - function toLocaleTimeString() { [native code] }"}
{"level":"error","message":"GET en /css/.css - function toLocaleTimeString() { [native code] }"}
{"level":"error","message":"GET en /css/.css - function toLocaleTimeString() { [native code] }"}
{"level":"error","message":"GET en /css/.css - function toLocaleTimeString() { [native code] }"}
{"level":"error","message":"GET en /css/.css - function toLocaleTimeString() { [native code] }"}
{"level":"warning","message":"Cuidado, Tenemos un problemita..."}
{"level":"error","message":"Un error se ha detectado..."}
{"level":"error","message":"GET en /css/.css - function toLocaleTimeString() { [native code] }"}
{"level":"error","message":"GET en /css/.css - function toLocaleTimeString() { [native code] }"}
{"level":"error","message":"GET en /css/.css - function toLocaleTimeString() { [native code] }"}
{"level":"error","message":"GET en /css/.css - function toLocaleTimeString() { [native code] }"}
{"level":"warning","message":"Cuidado, Tenemos un problemita..."}
{"level":"error","message":"Un error se ha detectado..."}
{"level":"error","message":"GET en /css/.css - function toLocaleTimeString() { [native code] }"}
{"level":"error","message":"GET en /css/.css - function toLocaleTimeString() { [native code] }"}
{"level":"error","message":"GET en /css/.css - function toLocaleTimeString() { [native code] }"}
{"level":"warning","message":"Cuidado, Tenemos un problemita..."}
{"level":"error","message":"Un error se ha detectado..."}
{"level":"error","message":"GET en /css/.css - function toLocaleTimeString() { [native code] }"}
{"level":"error","message":"GET en /css/.css - function toLocaleTimeString() { [native code] }"}
{"level":"error","message":"GET en /css/.css - function toLocaleTimeString() { [native code] }"}
{"level":"warning","message":"Cuidado, Tenemos un problemita..."}
{"level":"error","message":"Un error se ha detectado..."}
{"level":"error","message":"GET en /css/.css - function toLocaleTimeString() { [native code] }"}
{"level":"error","message":"GET en /css/.css - function toLocaleTimeString() { [native code] }"}
{"level":"warning","message":"Cuidado, Tenemos un problemita..."}
{"level":"error","message":"Un error se ha detectado..."}
{"level":"error","message":"GET en /css/.css - function toLocaleTimeString() { [native code] }"}
{"level":"error","message":"GET en /css/.css - function toLocaleTimeString() { [native code] }"}
{"level":"warning","message":"Cuidado, Tenemos un problemita..."}
{"level":"error","message":"Un error se ha detectado..."}
{"level":"error","message":"GET en /css/.css - function toLocaleTimeString() { [native code] }"}
{"level":"error","message":"GET en /favicon.ico - function toLocaleTimeString() { [native code] }"}
{"level":"warning","message":"Cuidado, Tenemos un problemita..."}
{"level":"error","message":"Un error se ha detectado..."}
{"level":"error","message":"GET en /favicon.ico - function toLocaleTimeString() { [native code] }"}
{"level":"warning","message":"Cuidado, Tenemos un problemita..."}
{"level":"error","message":"Un error se ha detectado..."}
{"level":"error","message":"GET en /favicon.ico - function toLocaleTimeString() { [native code] }"}
{"level":"warning","message":"Cuidado, Tenemos un problemita..."}
{"level":"error","message":"Un error se ha detectado..."}
{"level":"error","message":"GET en /favicon.ico - function toLocaleTimeString() { [native code] }"}
{"level":"warning","message":"Cuidado, Tenemos un problemita..."}
{"level":"error","message":"Un error se ha detectado..."}
{"level":"error","message":"GET en /favicon.ico - function toLocaleTimeString() { [native code] }"}
{"level":"error","message":"GET en /css/.css - function toLocaleTimeString() { [native code] }"}
{"level":"error","message":"GET en /css/.css - function toLocaleTimeString() { [native code] }"}
{"level":"error","message":"GET en /css/.css - function toLocaleTimeString() { [native code] }"}
{"level":"warning","message":"Cuidado, Tenemos un problemita..."}
{"level":"error","message":"Un error se ha detectado..."}
{"level":"error","message":"GET en /favicon.ico - function toLocaleTimeString() { [native code] }"}
{"level":"error","message":"GET en /css/.css - function toLocaleTimeString() { [native code] }"}
{"level":"error","message":"GET en /css/.css - function toLocaleTimeString() { [native code] }"}
{"level":"error","message":"GET en /css/.css - function toLocaleTimeString() { [native code] }"}
{"level":"error","message":"GET en /css/.css - function toLocaleTimeString() { [native code] }"}
{"level":"warning","message":"Cuidado, Tenemos un problemita..."}
{"level":"error","message":"Un error se ha detectado..."}
{"level":"error","message":"GET en /favicon.ico - function toLocaleTimeString() { [native code] }"}
{"level":"error","message":"GET en /css/.css - function toLocaleTimeString() { [native code] }"}
{"level":"warning","message":"Cuidado, Tenemos un problemita..."}
{"level":"error","message":"Un error se ha detectado..."}
{"level":"error","message":"GET en /favicon.ico - function toLocaleTimeString() { [native code] }"}
{"level":"warning","message":"Cuidado, Tenemos un problemita..."}
{"level":"error","message":"Un error se ha detectado..."}
{"level":"error","message":"GET en /favicon.ico - function toLocaleTimeString() { [native code] }"}
{"level":"error","message":"GET en /css/.css - function toLocaleTimeString() { [native code] }"}
{"level":"error","message":"GET en /css/.css - function toLocaleTimeString() { [native code] }"}
{"level":"warning","message":"Cuidado, Tenemos un problemita..."}
{"level":"error","message":"Un error se ha detectado..."}
{"level":"error","message":"GET en /favicon.ico - function toLocaleTimeString() { [native code] }"}
{"level":"warning","message":"Cuidado, Tenemos un problemita..."}
{"level":"error","message":"Un error se ha detectado..."}
{"level":"warning","message":"Cuidado, Tenemos un problemita..."}
{"level":"error","message":"Un error se ha detectado..."}
{"level":"warning","message":"Cuidado, Tenemos un problemita..."}
{"level":"error","message":"Un error se ha detectado..."}
{"level":"error","message":"GET en /favicon.ico - function toLocaleTimeString() { [native code] }"}
{"level":"warning","message":"Cuidado, Tenemos un problemita..."}
{"level":"error","message":"Un error se ha detectado..."}
{"level":"error","message":"GET en /favicon.ico - function toLocaleTimeString() { [native code] }"}
{"level":"warning","message":"Cuidado, Tenemos un problemita..."}
{"level":"error","message":"Un error se ha detectado..."}
{"level":"error","message":"GET en /favicon.ico - function toLocaleTimeString() { [native code] }"}
{"level":"error","message":"GET en /css/.css - function toLocaleTimeString() { [native code] }"}
{"level":"error","message":"GET en /css/.css - function toLocaleTimeString() { [native code] }"}
{"level":"error","message":"GET en /css/.css - function toLocaleTimeString() { [native code] }"}
{"level":"warning","message":"Cuidado, Tenemos un problemita..."}
{"level":"error","message":"Un error se ha detectado..."}
{"level":"error","message":"GET en /favicon.ico - function toLocaleTimeString() { [native code] }"}
{"level":"error","message":"GET en /css/.css - function toLocaleTimeString() { [native code] }"}
{"level":"warning","message":"Cuidado, Tenemos un problemita..."}
{"level":"error","message":"Un error se ha detectado..."}
{"level":"error","message":"GET en /favicon.ico - function toLocaleTimeString() { [native code] }"}
{"level":"error","message":"GET en /css/.css - function toLocaleTimeString() { [native code] }"}
{"level":"error","message":"GET en /css/.css - function toLocaleTimeString() { [native code] }"}
{"level":"error","message":"GET en /css/.css - function toLocaleTimeString() { [native code] }"}
{"level":"warning","message":"Cuidado, Tenemos un problemita..."}
{"level":"error","message":"Un error se ha detectado..."}
{"level":"error","message":"GET en /favicon.ico - function toLocaleTimeString() { [native code] }"}
{"level":"warning","message":"Cuidado, Tenemos un problemita..."}
{"level":"error","message":"Un error se ha detectado..."}
{"level":"error","message":"GET en /favicon.ico - function toLocaleTimeString() { [native code] }"}
{"level":"warning","message":"Cuidado, Tenemos un problemita..."}
{"level":"error","message":"Un error se ha detectado..."}
{"level":"error","message":"GET en /favicon.ico - function toLocaleTimeString() { [native code] }"}
{"level":"warning","message":"Cuidado, Tenemos un problemita..."}
{"level":"error","message":"Un error se ha detectado..."}
{"level":"error","message":"GET en /favicon.ico - function toLocaleTimeString() { [native code] }"}
{"level":"warning","message":"Cuidado, Tenemos un problemita..."}
{"level":"error","message":"Un error se ha detectado..."}
{"level":"error","message":"GET en /favicon.ico - function toLocaleTimeString() { [native code] }"}
{"level":"warning","message":"Cuidado, Tenemos un problemita..."}
{"level":"error","message":"Un error se ha detectado..."}
{"level":"error","message":"GET en /favicon.ico - function toLocaleTimeString() { [native code] }"}
{"level":"error","message":"GET en /css/.css - function toLocaleTimeString() { [native code] }"}
{"level":"error","message":"GET en /css/.css - function toLocaleTimeString() { [native code] }"}
{"level":"warning","message":"Cuidado, Tenemos un problemita..."}
{"level":"error","message":"Un error se ha detectado..."}
{"level":"error","message":"GET en /favicon.ico - function toLocaleTimeString() { [native code] }"}
{"level":"warning","message":"Cuidado, Tenemos un problemita..."}
{"level":"error","message":"Un error se ha detectado..."}
{"level":"error","message":"GET en /favicon.ico - function toLocaleTimeString() { [native code] }"}
{"level":"warning","message":"Cuidado, Tenemos un problemita..."}
{"level":"error","message":"Un error se ha detectado..."}
{"level":"error","message":"GET en /favicon.ico - function toLocaleTimeString() { [native code] }"}
{"level":"warning","message":"Cuidado, Tenemos un problemita..."}
{"level":"error","message":"Un error se ha detectado..."}
{"level":"error","message":"GET en /favicon.ico - function toLocaleTimeString() { [native code] }"}
{"level":"warning","message":"Cuidado, Tenemos un problemita..."}
{"level":"error","message":"Un error se ha detectado..."}
{"level":"error","message":"GET en /favicon.ico - function toLocaleTimeString() { [native code] }"}
{"level":"warning","message":"Cuidado, Tenemos un problemita..."}
{"level":"error","message":"Un error se ha detectado..."}
{"level":"error","message":"GET en /css/.css - function toLocaleTimeString() { [native code] }"}
{"level":"error","message":"GET en /css/.css - function toLocaleTimeString() { [native code] }"}
{"level":"error","message":"GET en /css/.css - function toLocaleTimeString() { [native code] }"}
{"level":"error","message":"GET en /css/.css - function toLocaleTimeString() { [native code] }"}
{"level":"error","message":"GET en /favicon.ico - function toLocaleTimeString() { [native code] }"}
{"level":"error","message":"GET en /css/.css - function toLocaleTimeString() { [native code] }"}
{"level":"error","message":"GET en /css/.css - function toLocaleTimeString() { [native code] }"}
{"level":"error","message":"GET en /css/.css - function toLocaleTimeString() { [native code] }"}
{"level":"warning","message":"Cuidado, Tenemos un problemita..."}
{"level":"error","message":"Un error se ha detectado..."}
{"level":"error","message":"GET en /favicon.ico - function toLocaleTimeString() { [native code] }"}
{"level":"error","message":"GET en /css/.css - function toLocaleTimeString() { [native code] }"}
{"level":"warning","message":"Cuidado, Tenemos un problemita..."}
{"level":"error","message":"Un error se ha detectado..."}
{"level":"error","message":"GET en /favicon.ico - function toLocaleTimeString() { [native code] }"}
{"level":"error","message":"GET en /css/.css - function toLocaleTimeString() { [native code] }"}
{"level":"warning","message":"Cuidado, Tenemos un problemita..."}
{"level":"error","message":"Un error se ha detectado..."}
{"level":"warning","message":"Cuidado, Tenemos un problemita..."}
{"level":"error","message":"Un error se ha detectado..."}
{"level":"error","message":"GET en /favicon.ico - function toLocaleTimeString() { [native code] }"}
{"level":"warning","message":"Cuidado, Tenemos un problemita..."}
{"level":"error","message":"Un error se ha detectado..."}
{"level":"error","message":"GET en /favicon.ico - function toLocaleTimeString() { [native code] }"}
{"level":"warning","message":"Cuidado, Tenemos un problemita..."}
{"level":"error","message":"Un error se ha detectado..."}
{"level":"error","message":"GET en /favicon.ico - function toLocaleTimeString() { [native code] }"}
{"level":"error","message":"GET en /favicon.ico - function toLocaleTimeString() { [native code] }"}
{"level":"warning","message":"Cuidado, Tenemos un problemita..."}
{"level":"error","message":"Un error se ha detectado..."}
{"level":"warning","message":"Cuidado, Tenemos un problemita..."}
{"level":"error","message":"Un error se ha detectado..."}
{"level":"warning","message":"Cuidado, Tenemos un problemita..."}
{"level":"error","message":"Un error se ha detectado..."}
{"level":"warning","message":"Cuidado, Tenemos un problemita..."}
{"level":"error","message":"Un error se ha detectado..."}
{"level":"error","message":"GET en /favicon.ico - function toLocaleTimeString() { [native code] }"}
{"level":"warning","message":"Cuidado, Tenemos un problemita..."}
{"level":"error","message":"Un error se ha detectado..."}
{"level":"warning","message":"Cuidado, Tenemos un problemita..."}
{"level":"error","message":"Un error se ha detectado..."}
{"level":"error","message":"GET en /favicon.ico - function toLocaleTimeString() { [native code] }"}
{"level":"warning","message":"Cuidado, Tenemos un problemita..."}
{"level":"error","message":"Un error se ha detectado..."}
{"level":"error","message":"GET en /favicon.ico - function toLocaleTimeString() { [native code] }"}
{"level":"error","message":"GET en /rhome - function toLocaleTimeString() { [native code] }"}
{"level":"warning","message":"Cuidado, Tenemos un problemita..."}
{"level":"error","message":"Un error se ha detectado..."}
{"level":"warning","message":"Cuidado, Tenemos un problemita..."}
{"level":"error","message":"Un error se ha detectado..."}
{"level":"error","message":"GET en /favicon.ico - function toLocaleTimeString() { [native code] }"}
{"level":"warning","message":"Cuidado, Tenemos un problemita..."}
{"level":"error","message":"Un error se ha detectado..."}
{"level":"error","message":"GET en /favicon.ico - function toLocaleTimeString() { [native code] }"}
{"level":"warning","message":"Cuidado, Tenemos un problemita..."}
{"level":"error","message":"Un error se ha detectado..."}
{"level":"error","message":"GET en /favicon.ico - function toLocaleTimeString() { [native code] }"}
{"level":"warning","message":"Cuidado, Tenemos un problemita..."}
{"level":"error","message":"Un error se ha detectado..."}
{"level":"error","message":"GET en /favicon.ico - function toLocaleTimeString() { [native code] }"}
{"level":"warning","message":"Cuidado, Tenemos un problemita..."}
{"level":"error","message":"Un error se ha detectado..."}
{"level":"error","message":"GET en /favicon.ico - function toLocaleTimeString() { [native code] }"}
{"level":"error","message":"GET en /img/1683638186744-secarropa.jpg - function toLocaleTimeString() { [native code] }"}
{"level":"error","message":"GET en /css/.css - function toLocaleTimeString() { [native code] }"}
{"level":"error","message":"GET en /img/1683638141015-pava.jpg - function toLocaleTimeString() { [native code] }"}
